#
# There is insufficient memory for the Java Runtime Environment to continue.
# Native memory allocation (malloc) failed to allocate 1048576 bytes for AllocateHeap
# Possible reasons:
#   The system is out of physical RAM or swap space
#   In 32 bit mode, the process size limit was hit
# Possible solutions:
#   Reduce memory load on the system
#   Increase physical memory or swap space
#   Check if swap backing store is full
#   Use 64 bit Java on a 64 bit OS
#   Decrease Java heap size (-Xmx/-Xms)
#   Decrease number of Java threads
#   Decrease Java thread stack sizes (-Xss)
#   Set larger code cache with -XX:ReservedCodeCacheSize=
# This output file may be truncated or incomplete.
#
#  Out of Memory Error (memory/allocation.inline.hpp:61), pid=1688, tid=0x000000000000385c
#
# JRE version:  (8.0_181-b13) (build )
# Java VM: Java HotSpot(TM) 64-Bit Server VM (25.181-b13 mixed mode windows-amd64 compressed oops)
# Failed to write core dump. Minidumps are not enabled by default on client versions of Windows
#

---------------  T H R E A D  ---------------

Current thread (0x0000000002762800):  JavaThread "Unknown thread" [_thread_in_vm, id=14428, stack(0x0000000000d40000,0x0000000000e40000)]

Stack: [0x0000000000d40000,0x0000000000e40000]
[error occurred during error reporting (printing stack bounds), id 0xc0000005]

Native frames: (J=compiled Java code, j=interpreted, Vv=VM code, C=native code)


---------------  P R O C E S S  ---------------

Java Threads: ( => current thread )

Other Threads:

=>0x0000000002762800 (exited) JavaThread "Unknown thread" [_thread_in_vm, id=14428, stack(0x0000000000d40000,0x0000000000e40000)]

VM state:not at safepoint (normal execution)

VM Mutex/Monitor currently owned by a thread: None

Heap:
 PSYoungGen      total 38400K, used 665K [0x00000000eab00000, 0x00000000ed580000, 0x0000000100000000)
  eden space 33280K, 2% used [0x00000000eab00000,0x00000000eaba6670,0x00000000ecb80000)
  from space 5120K, 0% used [0x00000000ed080000,0x00000000ed080000,0x00000000ed580000)
  to   space 5120K, 0% used [0x00000000ecb80000,0x00000000ecb80000,0x00000000ed080000)
 ParOldGen       total 87552K, used 0K [0x00000000c0000000, 0x00000000c5580000, 0x00000000eab00000)
  object space 87552K, 0% used [0x00000000c0000000,0x00000000c0000000,0x00000000c5580000)
 Metaspace       used 775K, capacity 4480K, committed 4480K, reserved 1056768K
  class space    used 76K, capacity 384K, committed 384K, reserved 1048576K

Card table byte_map: [0x0000000011cc0000,0x0000000011ed0000] byte_map_base: 0x00000000116c0000

Marking Bits: (ParMarkBitMap*) 0x0000000077f72d00
 Begin Bits: [0x0000000012430000, 0x0000000013430000)
 End Bits:   [0x0000000013430000, 0x0000000014430000)

Polling page: 0x00000000007f0000

CodeCache: size=245760Kb used=328Kb max_used=328Kb free=245431Kb
 bounds [0x0000000002900000, 0x0000000002b70000, 0x0000000011900000]
 total_blobs=58 nmethods=0 adapters=38
 compilation: enabled

Compilation events (0 events):
No events

GC Heap History (0 events):
No events

Deoptimization events (0 events):
No events

Classes redefined (0 events):
No events

Internal exceptions (0 events):
No events

Events (10 events):
Event: 0.390 loading class java/lang/Short
Event: 0.390 loading class java/lang/Short done
Event: 0.390 loading class java/lang/Integer
Event: 0.391 loading class java/lang/Integer done
Event: 0.391 loading class java/lang/Long
Event: 0.391 loading class java/lang/Long done
Event: 0.392 loading class java/lang/NullPointerException
Event: 0.392 loading class java/lang/NullPointerException done
Event: 0.392 loading class java/lang/ArithmeticException
Event: 0.392 loading class java/lang/ArithmeticException done


Dynamic libraries:
0x00007ff605da0000 - 0x00007ff605dd7000 	C:\Program Files\Java\jdk1.8.0_181\bin\java.exe
0x00007fff300b0000 - 0x00007fff30291000 	C:\WINDOWS\SYSTEM32\ntdll.dll
0x00007fff2fc30000 - 0x00007fff2fce2000 	C:\WINDOWS\System32\KERNEL32.DLL
0x00007fff2c9c0000 - 0x00007fff2cc33000 	C:\WINDOWS\System32\KERNELBASE.dll
0x00007fff2ec70000 - 0x00007fff2ed11000 	C:\WINDOWS\System32\ADVAPI32.dll
0x00007fff2f6a0000 - 0x00007fff2f73e000 	C:\WINDOWS\System32\msvcrt.dll
0x00007fff2fcf0000 - 0x00007fff2fd4b000 	C:\WINDOWS\System32\sechost.dll
0x00007fff2eea0000 - 0x00007fff2efc4000 	C:\WINDOWS\System32\RPCRT4.dll
0x00007fff2f0c0000 - 0x00007fff2f250000 	C:\WINDOWS\System32\USER32.dll
0x00007fff2c940000 - 0x00007fff2c960000 	C:\WINDOWS\System32\win32u.dll
0x00007fff2fec0000 - 0x00007fff2fee8000 	C:\WINDOWS\System32\GDI32.dll
0x00007fff2c670000 - 0x00007fff2c802000 	C:\WINDOWS\System32\gdi32full.dll
0x00007fff2d3a0000 - 0x00007fff2d43f000 	C:\WINDOWS\System32\msvcp_win.dll
0x00007fff2d440000 - 0x00007fff2d53a000 	C:\WINDOWS\System32\ucrtbase.dll
0x00007fff24690000 - 0x00007fff248f9000 	C:\WINDOWS\WinSxS\amd64_microsoft.windows.common-controls_6595b64144ccf1df_6.0.17134.285_none_fb4297e330656775\COMCTL32.dll
0x00007fff2f7b0000 - 0x00007fff2fad3000 	C:\WINDOWS\System32\combase.dll
0x00007fff2c810000 - 0x00007fff2c88a000 	C:\WINDOWS\System32\bcryptPrimitives.dll
0x00007fff2efd0000 - 0x00007fff2effd000 	C:\WINDOWS\System32\IMM32.DLL
0x0000000050870000 - 0x0000000050942000 	C:\Program Files\Java\jdk1.8.0_181\jre\bin\msvcr100.dll
0x0000000077750000 - 0x0000000077ff2000 	C:\Program Files\Java\jdk1.8.0_181\jre\bin\server\jvm.dll
0x00007fff2feb0000 - 0x00007fff2feb8000 	C:\WINDOWS\System32\PSAPI.DLL
0x00007fff1a570000 - 0x00007fff1a579000 	C:\WINDOWS\SYSTEM32\WSOCK32.dll
0x00007fff2f740000 - 0x00007fff2f7ac000 	C:\WINDOWS\System32\WS2_32.dll
0x00007fff22dd0000 - 0x00007fff22df3000 	C:\WINDOWS\SYSTEM32\WINMM.dll
0x00007fff24910000 - 0x00007fff2491a000 	C:\WINDOWS\SYSTEM32\VERSION.dll
0x00007fff22da0000 - 0x00007fff22dca000 	C:\WINDOWS\SYSTEM32\WINMMBASE.dll
0x00007fff2d350000 - 0x00007fff2d399000 	C:\WINDOWS\System32\cfgmgr32.dll
0x0000000050860000 - 0x000000005086f000 	C:\Program Files\Java\jdk1.8.0_181\jre\bin\verify.dll
0x0000000050830000 - 0x0000000050859000 	C:\Program Files\Java\jdk1.8.0_181\jre\bin\java.dll
0x0000000050810000 - 0x0000000050826000 	C:\Program Files\Java\jdk1.8.0_181\jre\bin\zip.dll

VM Arguments:
jvm_args: -Djava.awt.headless=true -Xmx1024M -Dfile.encoding=windows-1252 -Duser.country=ES -Duser.language=es -Duser.variant 
java_command: com.android.dx.command.Main --dex --num-threads=4 --output C:\Users\Luis Carbajo\Desktop\PROYECTOS_PL\cursos\react-native\videoAppReactNative\videoAppNative\android\app\build\intermediates\pre-dexed\debug\bolts-tasks-1.4.0_73a3907eed1d9acdc194f3c85b950e6524665496.jar C:\Users\Luis Carbajo\.gradle\caches\modules-2\files-2.1\com.parse.bolts\bolts-tasks\1.4.0\d85884acf6810a3bbbecb587f239005cbc846dc4\bolts-tasks-1.4.0.jar
java_class_path (initial): C:\Android\Android\Sdk\build-tools\26.0.3\lib\dx.jar
Launcher Type: SUN_STANDARD

Environment Variables:
JAVA_HOME=C:\Program Files\Java\jdk1.8.0_181
CLASSPATH=C:\Users\Luis Carbajo\Desktop\PROYECTOS_PL\cursos\react-native\videoAppReactNative\videoAppNative\android\\gradle\wrapper\gradle-wrapper.jar
PATH=C:\Program Files\Git\mingw64\bin;C:\Program Files\Git\usr\bin;C:\Users\Luis Carbajo\bin;C:\Python27;C:\Python27\Scripts;C:\Program Files\Python36\Scripts;C:\Program Files\Python36;C:\Program Files (x86)\Common Files\Oracle\Java\javapath;C:\ProgramData\Oracle\Java\javapath;C:\Program Files (x86)\Intel\iCLS Client;C:\Program Files\Intel\iCLS Client;C:\WINDOWS\system32;C:\WINDOWS;C:\WINDOWS\System32\Wbem;C:\WINDOWS\System32\WindowsPowerShell\v1.0;C:\Program Files (x86)\Intel\Intel(R) Management Engine Components\DAL;C:\Program Files\Intel\Intel(R) Management Engine Components\DAL;C:\Program Files (x86)\Intel\Intel(R) Management Engine Components\IPT;C:\Program Files\Intel\Intel(R) Management Engine Components\IPT;C:\Program Files\Intel\WiFi\bin;C:\Program Files\Common Files\Intel\WirelessCommon;C:\Program Files\Git\cmd;C:\WINDOWS\System32\OpenSSH;C:\ProgramData\chocolatey\bin;C:\Program Files\Java\jdk1.8.0_181\bin;C:\Program Files (x86)\Windows Kits\8.1\Windows Performance Toolkit;C:\Program Files\nodejs;C:\Program Files (x86)\Yarn\bin;C:\Users\Luis Carbajo\AppData\Local\Microsoft\WindowsApps;C:\Users\Luis Carbajo\AppData\Local\atom\bin;C:\Users\Luis Carbajo\AppData\Local\Microsoft\WindowsApps;C:\Users\Luis Carbajo\AppData\Local\Programs\Python\Python36\Scripts;C:\Program Files\Amazon\AWSCLI;C:\Program Files (x86)\Amazon\AWSCLI;C:\Users\Luis Carbajo\AppData\Local\Android\Sdk\platform-tools;C:\Users\Luis Carbajo\AppData\Local\Programs\Microsoft VS Code\bin;C:\Users\Luis Carbajo\AppData\Roaming\npm;C:\Users\Luis Carbajo\AppData\Local\Yarn\bin
USERNAME=Luis Carbajo
OS=Windows_NT
PROCESSOR_IDENTIFIER=Intel64 Family 6 Model 142 Stepping 9, GenuineIntel



---------------  S Y S T E M  ---------------

OS: Windows 10.0 , 64 bit Build 17134 (10.0.17134.1)

CPU:total 4 (initial active 4) (2 cores per cpu, 2 threads per core) family 6 model 142 stepping 9, cmov, cx8, fxsr, mmx, sse, sse2, sse3, ssse3, sse4.1, sse4.2, popcnt, avx, avx2, aes, clmul, erms, 3dnowpref, lzcnt, ht, tsc, tscinvbit, bmi1, bmi2, adx

Memory: 4k page, physical 8284904k(1074856k free), swap 11356904k(5144k free)

vm_info: Java HotSpot(TM) 64-Bit Server VM (25.181-b13) for windows-amd64 JRE (1.8.0_181-b13), built on Jul  7 2018 04:01:33 by "java_re" with MS VC++ 10.0 (VS2010)

time: Mon Sep 17 13:20:47 2018
elapsed time: 0 seconds (0d 0h 0m 0s)

